<?xml version="1.0" encoding="UTF-8"?>
<!-- Generated by org.testng.reporters.JUnitReportReporter -->
<testsuite hostname="Rushikesh" failures="0" tests="3" name="TestRunner.RunnerTest" time="10.067" errors="0" timestamp="16 Jan 2024 14:52:06 GMT" skipped="0">
  <testcase classname="TestRunner.RunnerTest" name="runScenario" time="8.206"/>
  <testcase classname="TestRunner.RunnerTest" name="runScenario" time="1.459"/>
  <testcase classname="TestRunner.RunnerTest" name="runScenario" time="0.402"/>
</testsuite> <!-- TestRunner.RunnerTest -->
