<?xml version="1.0" encoding="UTF-8"?>
<!-- Generated by org.testng.reporters.JUnitReportReporter -->
<testsuite hostname="Rushikesh" failures="0" tests="3" name="TestRunner.RunnerTest" time="16.789" errors="0" timestamp="16 Jan 2024 15:31:24 GMT" skipped="0">
  <testcase classname="TestRunner.RunnerTest" name="runScenario" time="1.780"/>
  <testcase classname="TestRunner.RunnerTest" name="runScenario" time="8.575"/>
  <testcase classname="TestRunner.RunnerTest" name="runScenario" time="6.434"/>
</testsuite> <!-- TestRunner.RunnerTest -->
