<?xml version="1.0" encoding="UTF-8"?>
<!-- Generated by org.testng.reporters.JUnitReportReporter -->
<testsuite hostname="DESKTOP-D6KRFC3" failures="0" tests="2" name="TestRunner.RunnerTest" time="11.715" errors="0" timestamp="16 Jan 2024 14:27:28 GMT" skipped="0">
  <testcase classname="TestRunner.RunnerTest" name="runScenario" time="0.550"/>
  <testcase classname="TestRunner.RunnerTest" name="runScenario" time="11.165"/>
</testsuite> <!-- TestRunner.RunnerTest -->
