<?xml version="1.0" encoding="UTF-8"?>
<!-- Generated by org.testng.reporters.JUnitReportReporter -->
<testsuite hostname="Praful" failures="0" tests="1" name="TestRunner.RunnerTest" time="5.834" errors="0" timestamp="16 Jan 2024 13:33:08 GMT" skipped="0">
  <testcase classname="TestRunner.RunnerTest" name="runScenario" time="5.834"/>
</testsuite> <!-- TestRunner.RunnerTest -->
