<?xml version="1.0" encoding="UTF-8"?>
<!-- Generated by org.testng.reporters.JUnitReportReporter -->
<testsuite hostname="Rushikesh" failures="0" tests="2" name="TestRunner.RunnerTest" time="10.157" errors="0" timestamp="16 Jan 2024 14:01:30 GMT" skipped="0">
  <testcase classname="TestRunner.RunnerTest" name="runScenario" time="8.674"/>
  <testcase classname="TestRunner.RunnerTest" name="runScenario" time="1.483"/>
</testsuite> <!-- TestRunner.RunnerTest -->
