<?xml version="1.0" encoding="UTF-8"?>
<!-- Generated by org.testng.reporters.JUnitReportReporter -->
<testsuite hostname="DESKTOP-D6KRFC3" failures="0" tests="3" name="TestRunner.RunnerTest" time="15.963" errors="0" timestamp="16 Jan 2024 15:05:53 GMT" skipped="0">
  <testcase classname="TestRunner.RunnerTest" name="runScenario" time="9.887"/>
  <testcase classname="TestRunner.RunnerTest" name="runScenario" time="4.251"/>
  <testcase classname="TestRunner.RunnerTest" name="runScenario" time="1.825"/>
</testsuite> <!-- TestRunner.RunnerTest -->
